<?xml version="1.0" encoding="UTF-8"?>
<testExecutions version="1">
  <file path="C:\Users\Juan Jose Viafara\OneDrive\Escritorio\I\UNIVERSIDAD JUAN JOSE\Semestre 6\Desarrollo Software 2\ProyectoDS2\frontend\tests\login.test.js">
    <testCase name="Pruebas interfaz Login Titulo de la página presente" duration="54"/>
    <testCase name="Pruebas interfaz Login Login hace la solicitud POST correctamente" duration="125"/>
  </file>
  <file path="C:\Users\Juan Jose Viafara\OneDrive\Escritorio\I\UNIVERSIDAD JUAN JOSE\Semestre 6\Desarrollo Software 2\ProyectoDS2\frontend\tests\navbar.test.js">
    <testCase name="pruebas interfaz de navbar Titulo de la pagina presente" duration="92"/>
    <testCase name="pruebas interfaz de navbar Boton Facturacion presente" duration="110"/>
    <testCase name="pruebas interfaz de navbar Boton Facturacion presente" duration="49"/>
  </file>
  <file path="C:\Users\Juan Jose Viafara\OneDrive\Escritorio\I\UNIVERSIDAD JUAN JOSE\Semestre 6\Desarrollo Software 2\ProyectoDS2\frontend\tests\productos.test.js">
  </file>
  <file path="C:\Users\Juan Jose Viafara\OneDrive\Escritorio\I\UNIVERSIDAD JUAN JOSE\Semestre 6\Desarrollo Software 2\ProyectoDS2\frontend\tests\facturacion.test.js">
    <testCase name="pruebas interfaz de facturacion Titulo de la pagina presente" duration="239"/>
    <testCase name="pruebas interfaz de facturacion Informacion del vendendor y cliente presente" duration="125"/>
    <testCase name="pruebas interfaz de facturacion Boton para añadir productos funciona" duration="277"/>
    <testCase name="pruebas interfaz de facturacion Crear factura hace la solicitud POST correctamente" duration="188"/>
    <testCase name="pruebas interfaz de facturacion Añadir producto actualiza la lista de productos correctamente" duration="152"/>
  </file>
</testExecutions>